<?xml version="1.0" encoding="UTF-8"?>
<!-- Generated by org.testng.reporters.JUnitXMLReporter -->
<testsuite ignored="0" hostname="REM-LT-210215B" failures="0" tests="9" name="Default test" time="10.659" errors="0" timestamp="2022-12-29T13:28:37 CST">
  <testcase classname="com.unosquare.APiCalls" name="getCall1" time="4.979"/>
  <testcase classname="com.unosquare.APiCalls" name="getCall2" time="0.756"/>
  <testcase classname="com.unosquare.APiCalls" name="getCall3" time="0.706"/>
  <testcase classname="com.unosquare.APiCalls" name="getCall4" time="1.058"/>
  <testcase classname="com.unosquare.APiCalls" name="postCall1Create" time="0.733"/>
  <testcase classname="com.unosquare.APiCalls" name="postCall2Register" time="0.665"/>
  <testcase classname="com.unosquare.APiCalls" name="postCall3RegisterFailed" time="0.601"/>
  <testcase classname="com.unosquare.APiCalls" name="postCall4Login" time="0.511"/>
  <testcase classname="com.unosquare.APiCalls" name="putCall1Update" time="0.537"/>
</testsuite> <!-- Default test -->
